<?xml version="1.0" encoding="UTF-8"?>
<testng-results ignored="0" total="1" passed="1" failed="0" skipped="0">
  <reporter-output>
  </reporter-output>
  <suite started-at="2022-02-14T22:30:14 IST" name="Sapiens Adaptik Policy and Billing Pro Apps SmokeTest Run Suite" finished-at="2022-02-14T22:32:17 IST" duration-ms="122261">
    <groups>
    </groups>
    <test started-at="2022-02-14T22:30:14 IST" name="SmokeTest" finished-at="2022-02-14T22:32:17 IST" duration-ms="122261">
      <class name="com.adaptikPolicyAndBilling.qa.testCases.RemittanceBatchPageTest">
        <test-method is-config="true" signature="setupTest()[pri:0, instance:com.adaptikPolicyAndBilling.qa.testCases.RemittanceBatchPageTest@455824ad]" started-at="2022-02-14T22:30:16 IST" name="setupTest" finished-at="2022-02-14T22:30:56 IST" duration-ms="40594" status="PASS">
          <reporter-output>
          </reporter-output>
        </test-method> <!-- setupTest -->
        <test-method signature="remittanceBatchDetailsTest(java.lang.String,java.lang.String,java.lang.String,java.lang.String,java.lang.String,java.lang.String,java.lang.String)[pri:1, instance:com.adaptikPolicyAndBilling.qa.testCases.RemittanceBatchPageTest@455824ad]" started-at="2022-02-14T22:30:56 IST" name="remittanceBatchDetailsTest" description="verifying Remittance Flow test" data-provider="getTestData" finished-at="2022-02-14T22:32:17 IST" duration-ms="80309" status="PASS">
          <params>
            <param index="0">
              <value>
                <![CDATA[BOFA]]>
              </value>
            </param>
            <param index="1">
              <value>
                <![CDATA[Q]]>
              </value>
            </param>
            <param index="2">
              <value>
                <![CDATA[10000]]>
              </value>
            </param>
            <param index="3">
              <value>
                <![CDATA[1]]>
              </value>
            </param>
            <param index="4">
              <value>
                <![CDATA[322332323221]]>
              </value>
            </param>
            <param index="5">
              <value>
                <![CDATA[A]]>
              </value>
            </param>
            <param index="6">
              <value>
                <![CDATA[456300001]]>
              </value>
            </param>
          </params>
          <reporter-output>
          </reporter-output>
        </test-method> <!-- remittanceBatchDetailsTest -->
        <test-method is-config="true" signature="closeBrowser()[pri:0, instance:com.adaptikPolicyAndBilling.qa.testCases.RemittanceBatchPageTest@455824ad]" started-at="2022-02-14T22:32:17 IST" name="closeBrowser" finished-at="2022-02-14T22:32:17 IST" duration-ms="1" status="PASS">
          <reporter-output>
          </reporter-output>
        </test-method> <!-- closeBrowser -->
      </class> <!-- com.adaptikPolicyAndBilling.qa.testCases.RemittanceBatchPageTest -->
    </test> <!-- SmokeTest -->
  </suite> <!-- Sapiens Adaptik Policy and Billing Pro Apps SmokeTest Run Suite -->
</testng-results>
