<?xml version="1.0" encoding="UTF-8"?>
<testng-results ignored="0" total="5" passed="5" failed="0" skipped="0">
  <reporter-output>
  </reporter-output>
  <suite started-at="2022-02-13T22:30:15 IST" name="Sapiens Adaptik Policy and Billing Pro Apps Sanity Run Suite" finished-at="2022-02-13T22:34:22 IST" duration-ms="247542">
    <groups>
    </groups>
    <test started-at="2022-02-13T22:30:15 IST" name="SanityDryRun" finished-at="2022-02-13T22:34:22 IST" duration-ms="247542">
      <class name="com.adaptikPolicyAndBilling.qa.testCases.SearchPageTest">
        <test-method is-config="true" signature="setupTest()[pri:0, instance:com.adaptikPolicyAndBilling.qa.testCases.SearchPageTest@5bdd5689]" started-at="2022-02-13T22:32:04 IST" name="setupTest" finished-at="2022-02-13T22:32:44 IST" duration-ms="40442" status="PASS">
          <reporter-output>
          </reporter-output>
        </test-method> <!-- setupTest -->
        <test-method signature="SearchPageTitleTest()[pri:0, instance:com.adaptikPolicyAndBilling.qa.testCases.SearchPageTest@5bdd5689]" started-at="2022-02-13T22:32:44 IST" name="SearchPageTitleTest" finished-at="2022-02-13T22:32:44 IST" duration-ms="9" status="PASS">
          <reporter-output>
          </reporter-output>
        </test-method> <!-- SearchPageTitleTest -->
        <test-method is-config="true" signature="closeBrowser()[pri:0, instance:com.adaptikPolicyAndBilling.qa.testCases.SearchPageTest@5bdd5689]" started-at="2022-02-13T22:32:44 IST" name="closeBrowser" finished-at="2022-02-13T22:32:45 IST" duration-ms="473" status="PASS">
          <reporter-output>
          </reporter-output>
        </test-method> <!-- closeBrowser -->
        <test-method is-config="true" signature="setupTest()[pri:0, instance:com.adaptikPolicyAndBilling.qa.testCases.SearchPageTest@5bdd5689]" started-at="2022-02-13T22:32:47 IST" name="setupTest" finished-at="2022-02-13T22:33:36 IST" duration-ms="48893" status="PASS">
          <reporter-output>
          </reporter-output>
        </test-method> <!-- setupTest -->
        <test-method signature="AccountSearch(java.lang.String)[pri:1, instance:com.adaptikPolicyAndBilling.qa.testCases.SearchPageTest@5bdd5689]" started-at="2022-02-13T22:33:36 IST" name="AccountSearch" description="verifying AccountSearch with AccountID test" data-provider="getTestData" finished-at="2022-02-13T22:33:39 IST" duration-ms="2997" status="PASS">
          <params>
            <param index="0">
              <value>
                <![CDATA[405300001]]>
              </value>
            </param>
          </params>
          <reporter-output>
          </reporter-output>
        </test-method> <!-- AccountSearch -->
        <test-method is-config="true" signature="closeBrowser()[pri:0, instance:com.adaptikPolicyAndBilling.qa.testCases.SearchPageTest@5bdd5689]" started-at="2022-02-13T22:33:39 IST" name="closeBrowser" finished-at="2022-02-13T22:33:39 IST" duration-ms="474" status="PASS">
          <reporter-output>
          </reporter-output>
        </test-method> <!-- closeBrowser -->
        <test-method is-config="true" signature="setupTest()[pri:0, instance:com.adaptikPolicyAndBilling.qa.testCases.SearchPageTest@5bdd5689]" started-at="2022-02-13T22:33:39 IST" name="setupTest" finished-at="2022-02-13T22:34:19 IST" duration-ms="39999" status="PASS">
          <reporter-output>
          </reporter-output>
        </test-method> <!-- setupTest -->
        <test-method signature="AccountSearch(java.lang.String)[pri:1, instance:com.adaptikPolicyAndBilling.qa.testCases.SearchPageTest@5bdd5689]" started-at="2022-02-13T22:34:19 IST" name="AccountSearch" description="verifying AccountSearch with AccountID test" data-provider="getTestData" finished-at="2022-02-13T22:34:22 IST" duration-ms="2678" status="PASS">
          <params>
            <param index="0">
              <value>
                <![CDATA[126300001]]>
              </value>
            </param>
          </params>
          <reporter-output>
          </reporter-output>
        </test-method> <!-- AccountSearch -->
        <test-method is-config="true" signature="closeBrowser()[pri:0, instance:com.adaptikPolicyAndBilling.qa.testCases.SearchPageTest@5bdd5689]" started-at="2022-02-13T22:34:22 IST" name="closeBrowser" finished-at="2022-02-13T22:34:22 IST" duration-ms="611" status="PASS">
          <reporter-output>
          </reporter-output>
        </test-method> <!-- closeBrowser -->
      </class> <!-- com.adaptikPolicyAndBilling.qa.testCases.SearchPageTest -->
      <class name="com.adaptikPolicyAndBilling.qa.testCases.LoginPageTest">
        <test-method is-config="true" signature="setupTest()[pri:0, instance:com.adaptikPolicyAndBilling.qa.testCases.LoginPageTest@215a34b4]" started-at="2022-02-13T22:30:15 IST" name="setupTest" finished-at="2022-02-13T22:30:44 IST" duration-ms="28691" status="PASS">
          <reporter-output>
          </reporter-output>
        </test-method> <!-- setupTest -->
        <test-method signature="loginPageTitleTest()[pri:1, instance:com.adaptikPolicyAndBilling.qa.testCases.LoginPageTest@215a34b4]" started-at="2022-02-13T22:30:44 IST" name="loginPageTitleTest" description="verifying login page title test" finished-at="2022-02-13T22:30:44 IST" duration-ms="134" status="PASS">
          <reporter-output>
          </reporter-output>
        </test-method> <!-- loginPageTitleTest -->
        <test-method is-config="true" signature="tearDownTest()[pri:0, instance:com.adaptikPolicyAndBilling.qa.testCases.LoginPageTest@215a34b4]" started-at="2022-02-13T22:30:44 IST" name="tearDownTest" finished-at="2022-02-13T22:30:45 IST" duration-ms="540" status="PASS">
          <reporter-output>
          </reporter-output>
        </test-method> <!-- tearDownTest -->
        <test-method is-config="true" signature="setupTest()[pri:0, instance:com.adaptikPolicyAndBilling.qa.testCases.LoginPageTest@215a34b4]" started-at="2022-02-13T22:30:45 IST" name="setupTest" finished-at="2022-02-13T22:31:25 IST" duration-ms="40021" status="PASS">
          <reporter-output>
          </reporter-output>
        </test-method> <!-- setupTest -->
        <test-method signature="loginTest()[pri:2, instance:com.adaptikPolicyAndBilling.qa.testCases.LoginPageTest@215a34b4]" started-at="2022-02-13T22:31:25 IST" name="loginTest" description="verifying login to Application test" finished-at="2022-02-13T22:32:03 IST" duration-ms="38451" status="PASS">
          <reporter-output>
          </reporter-output>
        </test-method> <!-- loginTest -->
        <test-method is-config="true" signature="tearDownTest()[pri:0, instance:com.adaptikPolicyAndBilling.qa.testCases.LoginPageTest@215a34b4]" started-at="2022-02-13T22:32:03 IST" name="tearDownTest" finished-at="2022-02-13T22:32:04 IST" duration-ms="581" status="PASS">
          <reporter-output>
          </reporter-output>
        </test-method> <!-- tearDownTest -->
      </class> <!-- com.adaptikPolicyAndBilling.qa.testCases.LoginPageTest -->
    </test> <!-- SanityDryRun -->
  </suite> <!-- Sapiens Adaptik Policy and Billing Pro Apps Sanity Run Suite -->
</testng-results>
