<?xml version="1.0" encoding="UTF-8"?>
<testsuite xmlns:xsi="http://www.w3.org/2001/XMLSchema-instance" xsi:noNamespaceSchemaLocation="https://maven.apache.org/surefire/maven-surefire-plugin/xsd/surefire-test-report.xsd" name="TestSuite" time="513.963" tests="9" errors="0" skipped="0" failures="3">
  <properties>
[...]
</properties>
  <testcase name="loginPageTitleTest" classname="com.adaptikPolicyAndBilling.qa.testCases.LoginPageTest" time="0.143"/>
  <testcase name="loginTest" classname="com.adaptikPolicyAndBilling.qa.testCases.LoginPageTest" time="33.136"/>
  <testcase name="remittanceBatchDetailsTest" classname="com.adaptikPolicyAndBilling.qa.testCases.RemittanceBatchPageTest" time="78.758"/>
  <testcase name="remittanceBatchDetailsTest" classname="com.adaptikPolicyAndBilling.qa.testCases.RemittanceBatchPageTest" time="79.068"/>
  <testcase name="SearchPageTitleTest" classname="com.adaptikPolicyAndBilling.qa.testCases.SearchPageTest" time="0.029"/>
  <testcase name="AccountSearch" classname="com.adaptikPolicyAndBilling.qa.testCases.SearchPageTest" time="0.512">
    <failure message="&#10;[public void com.adaptikPolicyAndBilling.qa.testCases.SearchPageTest.AccountSearch(java.lang.String)] has no parameters defined but was found to be using a data provider (either explicitly specified or inherited from class level annotation).&#10;Data provider mismatch&#10;Method: AccountSearch([Parameter{index=0, type=java.lang.String, declaredAnnotations=[]}])&#10;Arguments: [(java.lang.String) 496300001,(java.lang.String) WO]" type="org.testng.internal.reflect.MethodMatcherException">org.testng.internal.reflect.MethodMatcherException: 

[public void com.adaptikPolicyAndBilling.qa.testCases.SearchPageTest.AccountSearch(java.lang.String)] has no parameters defined but was found to be using a data provider (either explicitly specified or inherited from class level annotation).
Data provider mismatch
Method: AccountSearch([Parameter{index=0, type=java.lang.String, declaredAnnotations=[]}])
Arguments: [(java.lang.String) 496300001,(java.lang.String) WO]
</failure>
  </testcase>
  <testcase name="accountDashBoardPageTitleTest" classname="com.adaptikPolicyAndBilling.qa.testCases.AccountDashBoardTest" time="0.035"/>
  <testcase name="MakeAdjustmentTest" classname="com.adaptikPolicyAndBilling.qa.testCases.AccountDashBoardTest" time="37.432">
    <failure message="no such element: Unable to locate element: {&quot;method&quot;:&quot;xpath&quot;,&quot;selector&quot;:&quot;//select[@id=&apos;U1_77_Q_30011_3_C_4_C&apos;]&quot;}&#10;  (Session info: chrome=98.0.4758.82)&#10;For documentation on this error, please visit: https://selenium.dev/exceptions/#no_such_element&#10;Build info: version: &apos;4.1.2&apos;, revision: &apos;9a5a329c5a&apos;&#10;System info: host: &apos;INLT1501&apos;, ip: &apos;10.21.204.70&apos;, os.name: &apos;Windows 10&apos;, os.arch: &apos;amd64&apos;, os.version: &apos;10.0&apos;, java.version: &apos;17.0.1&apos;&#10;Driver info: org.openqa.selenium.chrome.ChromeDriver&#10;Command: [afbd716186232db8f2389de8e126d006, findElement {using=xpath, value=//select[@id=&apos;U1_77_Q_30011_3_C_4_C&apos;]}]&#10;Capabilities {acceptInsecureCerts: false, browserName: chrome, browserVersion: 98.0.4758.82, chrome: {chromedriverVersion: 98.0.4758.80 (7f0488e8ba0d8..., userDataDir: C:\Users\SHAIK~1.AHM\AppDat...}, goog:chromeOptions: {debuggerAddress: localhost:49657}, javascriptEnabled: true, networkConnectionEnabled: false, pageLoadStrategy: normal, platform: WINDOWS, platformName: WINDOWS, proxy: Proxy(), se:cdp: ws://localhost:49657/devtoo..., se:cdpVersion: 98.0.4758.82, setWindowRect: true, strictFileInteractability: false, timeouts: {implicit: 0, pageLoad: 300000, script: 30000}, unhandledPromptBehavior: dismiss and notify, webauthn:extension:credBlob: true, webauthn:extension:largeBlob: true, webauthn:virtualAuthenticators: true}&#10;Session ID: afbd716186232db8f2389de8e126d006" type="org.openqa.selenium.NoSuchElementException">org.openqa.selenium.NoSuchElementException: 
no such element: Unable to locate element: {"method":"xpath","selector":"//select[@id='U1_77_Q_30011_3_C_4_C']"}
  (Session info: chrome=98.0.4758.82)
For documentation on this error, please visit: https://selenium.dev/exceptions/#no_such_element
Build info: version: '4.1.2', revision: '9a5a329c5a'
System info: host: 'INLT1501', ip: '10.21.204.70', os.name: 'Windows 10', os.arch: 'amd64', os.version: '10.0', java.version: '17.0.1'
Driver info: org.openqa.selenium.chrome.ChromeDriver
Command: [afbd716186232db8f2389de8e126d006, findElement {using=xpath, value=//select[@id='U1_77_Q_30011_3_C_4_C']}]
Capabilities {acceptInsecureCerts: false, browserName: chrome, browserVersion: 98.0.4758.82, chrome: {chromedriverVersion: 98.0.4758.80 (7f0488e8ba0d8..., userDataDir: C:\Users\SHAIK~1.AHM\AppDat...}, goog:chromeOptions: {debuggerAddress: localhost:49657}, javascriptEnabled: true, networkConnectionEnabled: false, pageLoadStrategy: normal, platform: WINDOWS, platformName: WINDOWS, proxy: Proxy(), se:cdp: ws://localhost:49657/devtoo..., se:cdpVersion: 98.0.4758.82, setWindowRect: true, strictFileInteractability: false, timeouts: {implicit: 0, pageLoad: 300000, script: 30000}, unhandledPromptBehavior: dismiss and notify, webauthn:extension:credBlob: true, webauthn:extension:largeBlob: true, webauthn:virtualAuthenticators: true}
Session ID: afbd716186232db8f2389de8e126d006
	at com.adaptikPolicyAndBilling.qa.testCases.AccountDashBoardTest.MakeAdjustmentTest(AccountDashBoardTest.java:75)
</failure>
    <system-out><![CDATA[ChromeInitialized Chrome Browser]]></system-out>
    <system-err><![CDATA[Starting ChromeDriver 98.0.4758.80 (7f0488e8ba0d8e019187c6325a16c29d9b7f4989-refs/branch-heads/4758@{#972}) on port 52068
Only local connections are allowed.
Please see https://chromedriver.chromium.org/security-considerations for suggestions on keeping ChromeDriver safe.
ChromeDriver was started successfully.
Feb 15, 2022 12:34:39 AM org.openqa.selenium.remote.ProtocolHandshake createSession
INFO: Detected dialect: W3C
Feb 15, 2022 12:34:39 AM org.openqa.selenium.devtools.CdpVersionFinder findNearestMatch
WARNING: Unable to find an exact match for CDP version 98, so returning the closest version found: 97
Feb 15, 2022 12:34:39 AM org.openqa.selenium.devtools.CdpVersionFinder findNearestMatch
INFO: Found CDP implementation for version 98 of 97
]]></system-err>
  </testcase>
  <testcase name="MakeAdjustmentTest" classname="com.adaptikPolicyAndBilling.qa.testCases.AccountDashBoardTest" time="37.125">
    <failure message="no such element: Unable to locate element: {&quot;method&quot;:&quot;xpath&quot;,&quot;selector&quot;:&quot;//select[@id=&apos;U1_77_Q_30011_3_C_4_C&apos;]&quot;}&#10;  (Session info: chrome=98.0.4758.82)&#10;For documentation on this error, please visit: https://selenium.dev/exceptions/#no_such_element&#10;Build info: version: &apos;4.1.2&apos;, revision: &apos;9a5a329c5a&apos;&#10;System info: host: &apos;INLT1501&apos;, ip: &apos;10.21.204.70&apos;, os.name: &apos;Windows 10&apos;, os.arch: &apos;amd64&apos;, os.version: &apos;10.0&apos;, java.version: &apos;17.0.1&apos;&#10;Driver info: org.openqa.selenium.chrome.ChromeDriver&#10;Command: [811a2b27dfbc6b4221b4c6ae262d3feb, findElement {using=xpath, value=//select[@id=&apos;U1_77_Q_30011_3_C_4_C&apos;]}]&#10;Capabilities {acceptInsecureCerts: false, browserName: chrome, browserVersion: 98.0.4758.82, chrome: {chromedriverVersion: 98.0.4758.80 (7f0488e8ba0d8..., userDataDir: C:\Users\SHAIK~1.AHM\AppDat...}, goog:chromeOptions: {debuggerAddress: localhost:49860}, javascriptEnabled: true, networkConnectionEnabled: false, pageLoadStrategy: normal, platform: WINDOWS, platformName: WINDOWS, proxy: Proxy(), se:cdp: ws://localhost:49860/devtoo..., se:cdpVersion: 98.0.4758.82, setWindowRect: true, strictFileInteractability: false, timeouts: {implicit: 0, pageLoad: 300000, script: 30000}, unhandledPromptBehavior: dismiss and notify, webauthn:extension:credBlob: true, webauthn:extension:largeBlob: true, webauthn:virtualAuthenticators: true}&#10;Session ID: 811a2b27dfbc6b4221b4c6ae262d3feb" type="org.openqa.selenium.NoSuchElementException">org.openqa.selenium.NoSuchElementException: 
no such element: Unable to locate element: {"method":"xpath","selector":"//select[@id='U1_77_Q_30011_3_C_4_C']"}
  (Session info: chrome=98.0.4758.82)
For documentation on this error, please visit: https://selenium.dev/exceptions/#no_such_element
Build info: version: '4.1.2', revision: '9a5a329c5a'
System info: host: 'INLT1501', ip: '10.21.204.70', os.name: 'Windows 10', os.arch: 'amd64', os.version: '10.0', java.version: '17.0.1'
Driver info: org.openqa.selenium.chrome.ChromeDriver
Command: [811a2b27dfbc6b4221b4c6ae262d3feb, findElement {using=xpath, value=//select[@id='U1_77_Q_30011_3_C_4_C']}]
Capabilities {acceptInsecureCerts: false, browserName: chrome, browserVersion: 98.0.4758.82, chrome: {chromedriverVersion: 98.0.4758.80 (7f0488e8ba0d8..., userDataDir: C:\Users\SHAIK~1.AHM\AppDat...}, goog:chromeOptions: {debuggerAddress: localhost:49860}, javascriptEnabled: true, networkConnectionEnabled: false, pageLoadStrategy: normal, platform: WINDOWS, platformName: WINDOWS, proxy: Proxy(), se:cdp: ws://localhost:49860/devtoo..., se:cdpVersion: 98.0.4758.82, setWindowRect: true, strictFileInteractability: false, timeouts: {implicit: 0, pageLoad: 300000, script: 30000}, unhandledPromptBehavior: dismiss and notify, webauthn:extension:credBlob: true, webauthn:extension:largeBlob: true, webauthn:virtualAuthenticators: true}
Session ID: 811a2b27dfbc6b4221b4c6ae262d3feb
	at com.adaptikPolicyAndBilling.qa.testCases.AccountDashBoardTest.MakeAdjustmentTest(AccountDashBoardTest.java:75)
</failure>
    <system-out><![CDATA[ChromeInitialized Chrome Browser]]></system-out>
    <system-err><![CDATA[Starting ChromeDriver 98.0.4758.80 (7f0488e8ba0d8e019187c6325a16c29d9b7f4989-refs/branch-heads/4758@{#972}) on port 61094
Only local connections are allowed.
Please see https://chromedriver.chromium.org/security-considerations for suggestions on keeping ChromeDriver safe.
ChromeDriver was started successfully.
Feb 15, 2022 12:35:52 AM org.openqa.selenium.remote.ProtocolHandshake createSession
INFO: Detected dialect: W3C
Feb 15, 2022 12:35:52 AM org.openqa.selenium.devtools.CdpVersionFinder findNearestMatch
WARNING: Unable to find an exact match for CDP version 98, so returning the closest version found: 97
Feb 15, 2022 12:35:52 AM org.openqa.selenium.devtools.CdpVersionFinder findNearestMatch
INFO: Found CDP implementation for version 98 of 97
]]></system-err>
  </testcase>
</testsuite>