<?xml version="1.0" encoding="UTF-8"?>
<!-- Generated by org.testng.reporters.JUnitXMLReporter -->
<testsuite ignored="0" hostname="INLT1501" failures="0" tests="5" name="SanityDryRun" time="174.256" errors="0" timestamp="2022-02-13T19:00:15 IST">
  <testcase classname="com.adaptikPolicyAndBilling.qa.testCases.LoginPageTest" name="loginPageTitleTest" time="0.014"/>
  <testcase classname="com.adaptikPolicyAndBilling.qa.testCases.LoginPageTest" name="loginTest" time="28.581"/>
  <testcase classname="com.adaptikPolicyAndBilling.qa.testCases.SearchPageTest" name="SearchPageTitleTest" time="0.011"/>
  <testcase classname="com.adaptikPolicyAndBilling.qa.testCases.SearchPageTest" name="AccountSearch" time="2.464"/>
  <testcase classname="com.adaptikPolicyAndBilling.qa.testCases.SearchPageTest" name="AccountSearch" time="2.303"/>
</testsuite> <!-- SanityDryRun -->
