<?xml version="1.0" encoding="UTF-8"?>
<!-- Generated by org.testng.reporters.JUnitXMLReporter -->
<testsuite ignored="0" hostname="INLT1501" failures="0" tests="5" name="SanityDryRun" time="247.542" errors="0" timestamp="2022-02-13T22:34:22 IST">
  <testcase classname="com.adaptikPolicyAndBilling.qa.testCases.LoginPageTest" name="loginPageTitleTest" time="0.134"/>
  <testcase classname="com.adaptikPolicyAndBilling.qa.testCases.LoginPageTest" name="loginTest" time="38.451"/>
  <testcase classname="com.adaptikPolicyAndBilling.qa.testCases.SearchPageTest" name="SearchPageTitleTest" time="0.009"/>
  <testcase classname="com.adaptikPolicyAndBilling.qa.testCases.SearchPageTest" name="AccountSearch" time="2.997"/>
  <testcase classname="com.adaptikPolicyAndBilling.qa.testCases.SearchPageTest" name="AccountSearch" time="2.678"/>
</testsuite> <!-- SanityDryRun -->
